<?xml version="1.0" encoding="UTF-8"?>
<!-- Generated by org.testng.reporters.JUnitXMLReporter -->
<testsuite ignored="0" hostname="ITA-004" failures="1" tests="2" name="AccessibilityTestingOnChrome" time="43.677" errors="0" timestamp="2023-10-03T12:25:53 IST">
  <testcase classname="com.ally.TestCases.ElliciumAllyTesting" name="elliciumAllyPageTest" time="31.369">
    <failure type="java.lang.AssertionError" message="Found 13 accessibility violations:
1) ARIA role must be appropriate for the element: https://dequeuniversity.com/rules/axe/3.1/aria-allowed-role?application=axeAPI
  a) [&amp;quot;iframe[title=\&amp;quot;reCAPTCHA\&amp;quot;]&amp;quot;]
    Fix any of the following:
      role presentation  is not allowed for given element


  b) [&amp;quot;iframe[title=\&amp;quot;reCAPTCHA\&amp;quot;]&amp;quot;,&amp;quot;#recaptcha-anchor-label&amp;quot;]
    Fix any of the following:
      role presentation  is not allowed for given element


2) Certain ARIA roles must contain particular children: https://dequeuniversity.com/rules/axe/3.1/aria-required-children?application=axeAPI
  a) [&amp;quot;.iti__selected-flag&amp;quot;]
    Fix any of the following:
      Required ARIA child role not present: textbox


3) Buttons must have discernible text: https://dequeuniversity.com/rules/axe/3.1/button-name?application=axeAPI
  a) [&amp;quot;a[aria-controls=\&amp;quot;b57845a1eb852f4b2\&amp;quot;]&amp;quot;]
    Fix all of the following:
      Element is in tab order and does not have accessible text

    Fix any of the following:
      Element has a value attribute and the value attribute is empty
      Element has no value attribute or the value attribute is empty
      Element does not have inner text that is visible to screen readers
      aria-label attribute does not exist or is empty
      aria-labelledby attribute does not exist, references elements that do not exist or references elements that are empty
      Element&amp;apos;s default semantics were not overridden with role=&amp;quot;presentation&amp;quot;
      Element&amp;apos;s default semantics were not overridden with role=&amp;quot;none&amp;quot;
      Element has no title attribute or the title attribute is empty


4) Elements must have sufficient color contrast: https://dequeuniversity.com/rules/axe/3.1/color-contrast?application=axeAPI
  a) [&amp;quot;#menu-item-125 &amp;gt; .awb-menu__main-a.awb-menu__main-a_regular[href=\&amp;quot;#\&amp;quot;] &amp;gt; .menu-text&amp;quot;]
    Fix any of the following:
      Element has insufficient color contrast of 2.69 (foreground color: #ffffff, background color: #9b9ea1, font size: 12.0pt, font weight: normal). Expected contrast ratio of 4.5:1


  b) [&amp;quot;#menu-item-1680 &amp;gt; .awb-menu__main-a.awb-menu__main-a_regular[href=\&amp;quot;#\&amp;quot;] &amp;gt; .menu-text&amp;quot;]
    Fix any of the following:
      Element has insufficient color contrast of 2.69 (foreground color: #ffffff, background color: #9b9ea1, font size: 12.0pt, font weight: normal). Expected contrast ratio of 4.5:1


  c) [&amp;quot;#menu-item-126 &amp;gt; .awb-menu__main-a.awb-menu__main-a_regular[href=\&amp;quot;#\&amp;quot;] &amp;gt; .menu-text&amp;quot;]
    Fix any of the following:
      Element has insufficient color contrast of 2.69 (foreground color: #ffffff, background color: #9b9ea1, font size: 12.0pt, font weight: normal). Expected contrast ratio of 4.5:1


  d) [&amp;quot;#menu-item-490 &amp;gt; .awb-menu__main-a.awb-menu__main-a_regular[href=\&amp;quot;#\&amp;quot;] &amp;gt; .menu-text&amp;quot;]
    Fix any of the following:
      Element has insufficient color contrast of 2.69 (foreground color: #ffffff, background color: #9b9ea1, font size: 12.0pt, font weight: normal). Expected contrast ratio of 4.5:1


  e) [&amp;quot;#menu-item-836 &amp;gt; .awb-menu__main-a.awb-menu__main-a_regular &amp;gt; .menu-text&amp;quot;]
    Fix any of the following:
      Element has insufficient color contrast of 2.69 (foreground color: #ffffff, background color: #9b9ea1, font size: 12.0pt, font weight: normal). Expected contrast ratio of 4.5:1


5) IDs of active elements must be unique: https://dequeuniversity.com/rules/axe/3.1/duplicate-id-active?application=axeAPI
  a) [&amp;quot;.fusion-builder-nested-column-35 &amp;gt; .fusion-flex-align-items-center.fusion-content-nowrap.fusion-content-layout-row &amp;gt; .fusion-form-email-field.fusion-form-field.fusion-form-label-above &amp;gt; .fusion-form-input-with-icon &amp;gt; .fusion-form-input[name=\&amp;quot;insert_your_email\&amp;quot;][placeholder=\&amp;quot;Enter\\ your\\ email\&amp;quot;]&amp;quot;]
    Fix any of the following:
      Document has active elements with the same id attribute: insert_your_email


6) IDs used in ARIA and labels must be unique: https://dequeuniversity.com/rules/axe/3.1/duplicate-id-aria?application=axeAPI
  a) [&amp;quot;.fusion-tabs-1 &amp;gt; .nav &amp;gt; .nav-tabs.nav-justified[role=\&amp;quot;tablist\&amp;quot;] &amp;gt; .active[role=\&amp;quot;presentation\&amp;quot;] &amp;gt; .tab-link[aria-controls=\&amp;quot;tab-b594b0a435affc4196a\&amp;quot;][href$=\&amp;quot;#tab-b594b0a435affc4196a\&amp;quot;]&amp;quot;]
    Fix any of the following:
      Document has multiple elements referenced with ARIA with the same id attribute: fusion-tab-3eframeworkfordevelopmentprojects


  b) [&amp;quot;li[role=\&amp;quot;presentation\&amp;quot;]:nth-child(2) &amp;gt; .tab-link[aria-controls=\&amp;quot;tab-092ff987a53a333dc0d\&amp;quot;][href$=\&amp;quot;#tab-092ff987a53a333dc0d\&amp;quot;]&amp;quot;]
    Fix any of the following:
      Document has multiple elements referenced with ARIA with the same id attribute: fusion-tab-4pmodelforagiledelivery


  c) [&amp;quot;li[role=\&amp;quot;presentation\&amp;quot;]:nth-child(3) &amp;gt; .tab-link[aria-controls=\&amp;quot;tab-7e6b84d8b5dfbb4abea\&amp;quot;][href$=\&amp;quot;#tab-7e6b84d8b5dfbb4abea\&amp;quot;]&amp;quot;]
    Fix any of the following:
      Document has multiple elements referenced with ARIA with the same id attribute: fusion-tab-sustain&amp;amp;optimizeframework


7) id attribute value must be unique: https://dequeuniversity.com/rules/axe/3.1/duplicate-id?application=axeAPI
  a) [&amp;quot;.fusion-mobile-tab-nav.nav:nth-child(1) &amp;gt; .nav-tabs.nav-justified[role=\&amp;quot;tablist\&amp;quot;] &amp;gt; .active[role=\&amp;quot;presentation\&amp;quot;] &amp;gt; .tab-link[aria-controls=\&amp;quot;tab-b594b0a435affc4196a\&amp;quot;][href$=\&amp;quot;#tab-b594b0a435affc4196a\&amp;quot;]&amp;quot;]
    Fix any of the following:
      Document has multiple static elements with the same id attribute


  b) [&amp;quot;.fusion-mobile-tab-nav.nav:nth-child(3) &amp;gt; .nav-tabs.nav-justified[role=\&amp;quot;tablist\&amp;quot;] &amp;gt; li[role=\&amp;quot;presentation\&amp;quot;] &amp;gt; .tab-link[aria-controls=\&amp;quot;tab-092ff987a53a333dc0d\&amp;quot;][href$=\&amp;quot;#tab-092ff987a53a333dc0d\&amp;quot;]&amp;quot;]
    Fix any of the following:
      Document has multiple static elements with the same id attribute


  c) [&amp;quot;.fusion-mobile-tab-nav.nav:nth-child(5) &amp;gt; .nav-tabs.nav-justified[role=\&amp;quot;tablist\&amp;quot;] &amp;gt; li[role=\&amp;quot;presentation\&amp;quot;] &amp;gt; .tab-link[aria-controls=\&amp;quot;tab-7e6b84d8b5dfbb4abea\&amp;quot;][href$=\&amp;quot;#tab-7e6b84d8b5dfbb4abea\&amp;quot;]&amp;quot;]
    Fix any of the following:
      Document has multiple static elements with the same id attribute


  d) [&amp;quot;.fusion-builder-nested-column-23&amp;quot;]
    Fix any of the following:
      Document has multiple static elements with the same id attribute


  e) [&amp;quot;.fusion-builder-column-39 &amp;gt; .fusion-content-nowrap.fusion-content-layout-row.fusion-flex-justify-content-flex-start &amp;gt; .fusion-form-builder.fusion-form-form-wrapper.fusion-form &amp;gt; form[method=\&amp;quot;post\&amp;quot;][action=\&amp;quot;https\\:\\/\\/ellicium\\.com\\/\&amp;quot;] &amp;gt; input[name=\&amp;quot;fusion-form-nonce-1019\&amp;quot;][value=\&amp;quot;\\32 1136a39bd\&amp;quot;][type=\&amp;quot;hidden\&amp;quot;]&amp;quot;]
    Fix any of the following:
      Document has multiple static elements with the same id attribute


8) Headings must not be empty: https://dequeuniversity.com/rules/axe/3.1/empty-heading?application=axeAPI
  a) [&amp;quot;#toggle_b57845a1eb852f4b2&amp;quot;]
    Fix any of the following:
      Element does not have text that is visible to screen readers


9) Heading levels should only increase by one: https://dequeuniversity.com/rules/axe/3.1/heading-order?application=axeAPI
  a) [&amp;quot;#toggle_b57845a1eb852f4b2&amp;quot;]
    Fix any of the following:
      Heading order invalid


10) Form elements must have labels: https://dequeuniversity.com/rules/axe/3.1/label?application=axeAPI
  a) [&amp;quot;#wpforms-2243-field_12&amp;quot;]
    Fix all of the following:
      Form element has explicit &amp;lt;label&amp;gt; that is hidden


  b) [&amp;quot;#wpforms-2243-field_5&amp;quot;]
    Fix all of the following:
      Form element has explicit &amp;lt;label&amp;gt; that is hidden


  c) [&amp;quot;#wpforms-2243-field_3&amp;quot;]
    Fix all of the following:
      Form element has explicit &amp;lt;label&amp;gt; that is hidden


  d) [&amp;quot;#wpforms-2243-field_2&amp;quot;]
    Fix all of the following:
      Form element has explicit &amp;lt;label&amp;gt; that is hidden


  e) [&amp;quot;#wpforms-2243-field_7&amp;quot;]
    Fix all of the following:
      Form element has explicit &amp;lt;label&amp;gt; that is hidden


  f) [&amp;quot;#wpforms-2243-field_9&amp;quot;]
    Fix all of the following:
      Form element has explicit &amp;lt;label&amp;gt; that is hidden


  g) [&amp;quot;#wpforms-2243-field_4&amp;quot;]
    Fix all of the following:
      Form element has explicit &amp;lt;label&amp;gt; that is hidden


  h) [&amp;quot;.wpforms-recaptcha-hidden&amp;quot;]
    Fix any of the following:
      aria-label attribute does not exist or is empty
      aria-labelledby attribute does not exist, references elements that do not exist or references elements that are empty
      Form element does not have an implicit (wrapped) &amp;lt;label&amp;gt;
      Form element does not have an explicit &amp;lt;label&amp;gt;
      Element has no title attribute or the title attribute is empty


  i) [&amp;quot;.fusion-builder-nested-column-35 &amp;gt; .fusion-flex-align-items-center.fusion-content-nowrap.fusion-content-layout-row &amp;gt; .fusion-form-email-field.fusion-form-field.fusion-form-label-above &amp;gt; .fusion-form-input-with-icon &amp;gt; .fusion-form-input[name=\&amp;quot;insert_your_email\&amp;quot;][placeholder=\&amp;quot;Enter\\ your\\ email\&amp;quot;]&amp;quot;]
    Fix any of the following:
      aria-label attribute does not exist or is empty
      aria-labelledby attribute does not exist, references elements that do not exist or references elements that are empty
      Form element does not have an implicit (wrapped) &amp;lt;label&amp;gt;
      Form element does not have an explicit &amp;lt;label&amp;gt;
      Element has no title attribute or the title attribute is empty


11) Links must have discernible text: https://dequeuniversity.com/rules/axe/3.1/link-name?application=axeAPI
  a) [&amp;quot;.fusion-builder-column-31 &amp;gt; .fusion-column-inner-bg.hover-type-zoomin &amp;gt; .fusion-column-anchor[rel=\&amp;quot;noopener\\ noreferrer\&amp;quot;][target=\&amp;quot;_blank\&amp;quot;]&amp;quot;]
    Fix all of the following:
      Element is in tab order and does not have accessible text

    Fix any of the following:
      Element does not have text that is visible to screen readers
      aria-label attribute does not exist or is empty
      aria-labelledby attribute does not exist, references elements that do not exist or references elements that are empty
      Element&amp;apos;s default semantics were not overridden with role=&amp;quot;presentation&amp;quot;
      Element&amp;apos;s default semantics were not overridden with role=&amp;quot;none&amp;quot;


  b) [&amp;quot;.fusion-builder-column-32 &amp;gt; .fusion-column-inner-bg.hover-type-zoomin &amp;gt; .fusion-column-anchor[rel=\&amp;quot;noopener\\ noreferrer\&amp;quot;][target=\&amp;quot;_blank\&amp;quot;]&amp;quot;]
    Fix all of the following:
      Element is in tab order and does not have accessible text

    Fix any of the following:
      Element does not have text that is visible to screen readers
      aria-label attribute does not exist or is empty
      aria-labelledby attribute does not exist, references elements that do not exist or references elements that are empty
      Element&amp;apos;s default semantics were not overridden with role=&amp;quot;presentation&amp;quot;
      Element&amp;apos;s default semantics were not overridden with role=&amp;quot;none&amp;quot;


  c) [&amp;quot;.fusion-builder-column-33 &amp;gt; .fusion-column-inner-bg.hover-type-zoomin &amp;gt; .fusion-column-anchor&amp;quot;]
    Fix all of the following:
      Element is in tab order and does not have accessible text

    Fix any of the following:
      Element does not have text that is visible to screen readers
      aria-label attribute does not exist or is empty
      aria-labelledby attribute does not exist, references elements that do not exist or references elements that are empty
      Element&amp;apos;s default semantics were not overridden with role=&amp;quot;presentation&amp;quot;
      Element&amp;apos;s default semantics were not overridden with role=&amp;quot;none&amp;quot;


12) Page must contain a level-one heading: https://dequeuniversity.com/rules/axe/3.1/page-has-heading-one?application=axeAPI
  a) [&amp;quot;html&amp;quot;]
    Fix all of the following:
      Page must have a level-one heading


  b) [&amp;quot;iframe[title=\&amp;quot;reCAPTCHA\&amp;quot;]&amp;quot;,&amp;quot;html&amp;quot;]
    Fix all of the following:
      Page must have a level-one heading


13) All page content must be contained by landmarks: https://dequeuniversity.com/rules/axe/3.1/region?application=axeAPI
  a) [&amp;quot;html&amp;quot;]
    Fix any of the following:
      Some page content is not contained by landmarks

 expected [true] but found [false]">
      <![CDATA[java.lang.AssertionError: Found 13 accessibility violations:
1) ARIA role must be appropriate for the element: https://dequeuniversity.com/rules/axe/3.1/aria-allowed-role?application=axeAPI
  a) ["iframe[title=\"reCAPTCHA\"]"]
    Fix any of the following:
      role presentation  is not allowed for given element


  b) ["iframe[title=\"reCAPTCHA\"]","#recaptcha-anchor-label"]
    Fix any of the following:
      role presentation  is not allowed for given element


2) Certain ARIA roles must contain particular children: https://dequeuniversity.com/rules/axe/3.1/aria-required-children?application=axeAPI
  a) [".iti__selected-flag"]
    Fix any of the following:
      Required ARIA child role not present: textbox


3) Buttons must have discernible text: https://dequeuniversity.com/rules/axe/3.1/button-name?application=axeAPI
  a) ["a[aria-controls=\"b57845a1eb852f4b2\"]"]
    Fix all of the following:
      Element is in tab order and does not have accessible text

    Fix any of the following:
      Element has a value attribute and the value attribute is empty
      Element has no value attribute or the value attribute is empty
      Element does not have inner text that is visible to screen readers
      aria-label attribute does not exist or is empty
      aria-labelledby attribute does not exist, references elements that do not exist or references elements that are empty
      Element's default semantics were not overridden with role="presentation"
      Element's default semantics were not overridden with role="none"
      Element has no title attribute or the title attribute is empty


4) Elements must have sufficient color contrast: https://dequeuniversity.com/rules/axe/3.1/color-contrast?application=axeAPI
  a) ["#menu-item-125 > .awb-menu__main-a.awb-menu__main-a_regular[href=\"#\"] > .menu-text"]
    Fix any of the following:
      Element has insufficient color contrast of 2.69 (foreground color: #ffffff, background color: #9b9ea1, font size: 12.0pt, font weight: normal). Expected contrast ratio of 4.5:1


  b) ["#menu-item-1680 > .awb-menu__main-a.awb-menu__main-a_regular[href=\"#\"] > .menu-text"]
    Fix any of the following:
      Element has insufficient color contrast of 2.69 (foreground color: #ffffff, background color: #9b9ea1, font size: 12.0pt, font weight: normal). Expected contrast ratio of 4.5:1


  c) ["#menu-item-126 > .awb-menu__main-a.awb-menu__main-a_regular[href=\"#\"] > .menu-text"]
    Fix any of the following:
      Element has insufficient color contrast of 2.69 (foreground color: #ffffff, background color: #9b9ea1, font size: 12.0pt, font weight: normal). Expected contrast ratio of 4.5:1


  d) ["#menu-item-490 > .awb-menu__main-a.awb-menu__main-a_regular[href=\"#\"] > .menu-text"]
    Fix any of the following:
      Element has insufficient color contrast of 2.69 (foreground color: #ffffff, background color: #9b9ea1, font size: 12.0pt, font weight: normal). Expected contrast ratio of 4.5:1


  e) ["#menu-item-836 > .awb-menu__main-a.awb-menu__main-a_regular > .menu-text"]
    Fix any of the following:
      Element has insufficient color contrast of 2.69 (foreground color: #ffffff, background color: #9b9ea1, font size: 12.0pt, font weight: normal). Expected contrast ratio of 4.5:1


5) IDs of active elements must be unique: https://dequeuniversity.com/rules/axe/3.1/duplicate-id-active?application=axeAPI
  a) [".fusion-builder-nested-column-35 > .fusion-flex-align-items-center.fusion-content-nowrap.fusion-content-layout-row > .fusion-form-email-field.fusion-form-field.fusion-form-label-above > .fusion-form-input-with-icon > .fusion-form-input[name=\"insert_your_email\"][placeholder=\"Enter\\ your\\ email\"]"]
    Fix any of the following:
      Document has active elements with the same id attribute: insert_your_email


6) IDs used in ARIA and labels must be unique: https://dequeuniversity.com/rules/axe/3.1/duplicate-id-aria?application=axeAPI
  a) [".fusion-tabs-1 > .nav > .nav-tabs.nav-justified[role=\"tablist\"] > .active[role=\"presentation\"] > .tab-link[aria-controls=\"tab-b594b0a435affc4196a\"][href$=\"#tab-b594b0a435affc4196a\"]"]
    Fix any of the following:
      Document has multiple elements referenced with ARIA with the same id attribute: fusion-tab-3eframeworkfordevelopmentprojects


  b) ["li[role=\"presentation\"]:nth-child(2) > .tab-link[aria-controls=\"tab-092ff987a53a333dc0d\"][href$=\"#tab-092ff987a53a333dc0d\"]"]
    Fix any of the following:
      Document has multiple elements referenced with ARIA with the same id attribute: fusion-tab-4pmodelforagiledelivery


  c) ["li[role=\"presentation\"]:nth-child(3) > .tab-link[aria-controls=\"tab-7e6b84d8b5dfbb4abea\"][href$=\"#tab-7e6b84d8b5dfbb4abea\"]"]
    Fix any of the following:
      Document has multiple elements referenced with ARIA with the same id attribute: fusion-tab-sustain&optimizeframework


7) id attribute value must be unique: https://dequeuniversity.com/rules/axe/3.1/duplicate-id?application=axeAPI
  a) [".fusion-mobile-tab-nav.nav:nth-child(1) > .nav-tabs.nav-justified[role=\"tablist\"] > .active[role=\"presentation\"] > .tab-link[aria-controls=\"tab-b594b0a435affc4196a\"][href$=\"#tab-b594b0a435affc4196a\"]"]
    Fix any of the following:
      Document has multiple static elements with the same id attribute


  b) [".fusion-mobile-tab-nav.nav:nth-child(3) > .nav-tabs.nav-justified[role=\"tablist\"] > li[role=\"presentation\"] > .tab-link[aria-controls=\"tab-092ff987a53a333dc0d\"][href$=\"#tab-092ff987a53a333dc0d\"]"]
    Fix any of the following:
      Document has multiple static elements with the same id attribute


  c) [".fusion-mobile-tab-nav.nav:nth-child(5) > .nav-tabs.nav-justified[role=\"tablist\"] > li[role=\"presentation\"] > .tab-link[aria-controls=\"tab-7e6b84d8b5dfbb4abea\"][href$=\"#tab-7e6b84d8b5dfbb4abea\"]"]
    Fix any of the following:
      Document has multiple static elements with the same id attribute


  d) [".fusion-builder-nested-column-23"]
    Fix any of the following:
      Document has multiple static elements with the same id attribute


  e) [".fusion-builder-column-39 > .fusion-content-nowrap.fusion-content-layout-row.fusion-flex-justify-content-flex-start > .fusion-form-builder.fusion-form-form-wrapper.fusion-form > form[method=\"post\"][action=\"https\\:\\/\\/ellicium\\.com\\/\"] > input[name=\"fusion-form-nonce-1019\"][value=\"\\32 1136a39bd\"][type=\"hidden\"]"]
    Fix any of the following:
      Document has multiple static elements with the same id attribute


8) Headings must not be empty: https://dequeuniversity.com/rules/axe/3.1/empty-heading?application=axeAPI
  a) ["#toggle_b57845a1eb852f4b2"]
    Fix any of the following:
      Element does not have text that is visible to screen readers


9) Heading levels should only increase by one: https://dequeuniversity.com/rules/axe/3.1/heading-order?application=axeAPI
  a) ["#toggle_b57845a1eb852f4b2"]
    Fix any of the following:
      Heading order invalid


10) Form elements must have labels: https://dequeuniversity.com/rules/axe/3.1/label?application=axeAPI
  a) ["#wpforms-2243-field_12"]
    Fix all of the following:
      Form element has explicit <label> that is hidden


  b) ["#wpforms-2243-field_5"]
    Fix all of the following:
      Form element has explicit <label> that is hidden


  c) ["#wpforms-2243-field_3"]
    Fix all of the following:
      Form element has explicit <label> that is hidden


  d) ["#wpforms-2243-field_2"]
    Fix all of the following:
      Form element has explicit <label> that is hidden


  e) ["#wpforms-2243-field_7"]
    Fix all of the following:
      Form element has explicit <label> that is hidden


  f) ["#wpforms-2243-field_9"]
    Fix all of the following:
      Form element has explicit <label> that is hidden


  g) ["#wpforms-2243-field_4"]
    Fix all of the following:
      Form element has explicit <label> that is hidden


  h) [".wpforms-recaptcha-hidden"]
    Fix any of the following:
      aria-label attribute does not exist or is empty
      aria-labelledby attribute does not exist, references elements that do not exist or references elements that are empty
      Form element does not have an implicit (wrapped) <label>
      Form element does not have an explicit <label>
      Element has no title attribute or the title attribute is empty


  i) [".fusion-builder-nested-column-35 > .fusion-flex-align-items-center.fusion-content-nowrap.fusion-content-layout-row > .fusion-form-email-field.fusion-form-field.fusion-form-label-above > .fusion-form-input-with-icon > .fusion-form-input[name=\"insert_your_email\"][placeholder=\"Enter\\ your\\ email\"]"]
    Fix any of the following:
      aria-label attribute does not exist or is empty
      aria-labelledby attribute does not exist, references elements that do not exist or references elements that are empty
      Form element does not have an implicit (wrapped) <label>
      Form element does not have an explicit <label>
      Element has no title attribute or the title attribute is empty


11) Links must have discernible text: https://dequeuniversity.com/rules/axe/3.1/link-name?application=axeAPI
  a) [".fusion-builder-column-31 > .fusion-column-inner-bg.hover-type-zoomin > .fusion-column-anchor[rel=\"noopener\\ noreferrer\"][target=\"_blank\"]"]
    Fix all of the following:
      Element is in tab order and does not have accessible text

    Fix any of the following:
      Element does not have text that is visible to screen readers
      aria-label attribute does not exist or is empty
      aria-labelledby attribute does not exist, references elements that do not exist or references elements that are empty
      Element's default semantics were not overridden with role="presentation"
      Element's default semantics were not overridden with role="none"


  b) [".fusion-builder-column-32 > .fusion-column-inner-bg.hover-type-zoomin > .fusion-column-anchor[rel=\"noopener\\ noreferrer\"][target=\"_blank\"]"]
    Fix all of the following:
      Element is in tab order and does not have accessible text

    Fix any of the following:
      Element does not have text that is visible to screen readers
      aria-label attribute does not exist or is empty
      aria-labelledby attribute does not exist, references elements that do not exist or references elements that are empty
      Element's default semantics were not overridden with role="presentation"
      Element's default semantics were not overridden with role="none"


  c) [".fusion-builder-column-33 > .fusion-column-inner-bg.hover-type-zoomin > .fusion-column-anchor"]
    Fix all of the following:
      Element is in tab order and does not have accessible text

    Fix any of the following:
      Element does not have text that is visible to screen readers
      aria-label attribute does not exist or is empty
      aria-labelledby attribute does not exist, references elements that do not exist or references elements that are empty
      Element's default semantics were not overridden with role="presentation"
      Element's default semantics were not overridden with role="none"


12) Page must contain a level-one heading: https://dequeuniversity.com/rules/axe/3.1/page-has-heading-one?application=axeAPI
  a) ["html"]
    Fix all of the following:
      Page must have a level-one heading


  b) ["iframe[title=\"reCAPTCHA\"]","html"]
    Fix all of the following:
      Page must have a level-one heading


13) All page content must be contained by landmarks: https://dequeuniversity.com/rules/axe/3.1/region?application=axeAPI
  a) ["html"]
    Fix any of the following:
      Some page content is not contained by landmarks

 expected [true] but found [false]
at com.ally.TestCases.ElliciumAllyTesting.elliciumAllyPageTest(ElliciumAllyTesting.java:62)
at java.base/java.util.ArrayList.forEach(ArrayList.java:1511)
... Removed 28 stack frames]]>
    </failure>
  </testcase> <!-- elliciumAllyPageTest -->
  <testcase classname="com.ally.TestCases.ElliciumAllyTesting" name="elliciumTitleCheck" time="5.442"/>
</testsuite> <!-- AccessibilityTestingOnChrome -->
