<?xml version="1.0" encoding="UTF-8"?>
<!-- Generated by org.testng.reporters.JUnitXMLReporter -->
<testsuite ignored="0" hostname="DESKTOP-4F545DN" failures="0" tests="3" name="CompabilityTestingOnFirefox" time="39.691" errors="0" timestamp="2023-05-10T15:40:18 IST">
  <testcase classname="com.demoBlaze.TestCases.DemoBlazeTest" name="elementClickable" time="28.929"/>
  <testcase classname="com.demoBlaze.TestCases.DemoBlazeTest" name="elementDisplayed" time="2.682"/>
  <testcase classname="com.demoBlaze.TestCases.DemoBlazeTest" name="elementEnabled" time="1.584"/>
</testsuite> <!-- CompabilityTestingOnFirefox -->
