<?xml version="1.0" encoding="UTF-8"?>
<!-- Generated by org.testng.reporters.JUnitXMLReporter -->
<testsuite ignored="0" hostname="DESKTOP-4F545DN" failures="0" tests="3" name="CompatibilityTestingOnChrome" time="35.333" errors="0" timestamp="2023-05-10T15:48:44 IST">
  <testcase classname="com.demoBlaze.TestCases.DemoBlazeTest" name="elementClickable" time="27.04"/>
  <testcase classname="com.demoBlaze.TestCases.DemoBlazeTest" name="elementDisplayed" time="1.822"/>
  <testcase classname="com.demoBlaze.TestCases.DemoBlazeTest" name="elementEnabled" time="1.415"/>
</testsuite> <!-- CompatibilityTestingOnChrome -->
