<?xml version="1.0" encoding="UTF-8"?>
<!-- Generated by org.testng.reporters.JUnitXMLReporter -->
<testsuite ignored="0" hostname="DESKTOP-4F545DN" failures="0" tests="3" name="CompabilityTestingOnChrome" time="37.509" errors="0" timestamp="2023-05-10T15:39:38 IST">
  <testcase classname="com.demoBlaze.TestCases.DemoBlazeTest" name="elementClickable" time="26.872"/>
  <testcase classname="com.demoBlaze.TestCases.DemoBlazeTest" name="elementDisplayed" time="1.892"/>
  <testcase classname="com.demoBlaze.TestCases.DemoBlazeTest" name="elementEnabled" time="1.558"/>
</testsuite> <!-- CompabilityTestingOnChrome -->
