<?xml version="1.0" encoding="UTF-8"?>
<!-- Generated by org.testng.reporters.JUnitXMLReporter -->
<testsuite ignored="0" hostname="DESKTOP-4F545DN" failures="0" tests="3" name="CompatibilityTestingOnFirefox" time="36.618" errors="0" timestamp="2023-05-10T15:49:20 IST">
  <testcase classname="com.demoBlaze.TestCases.DemoBlazeTest" name="elementClickable" time="27.121"/>
  <testcase classname="com.demoBlaze.TestCases.DemoBlazeTest" name="elementDisplayed" time="1.629"/>
  <testcase classname="com.demoBlaze.TestCases.DemoBlazeTest" name="elementEnabled" time="0.764"/>
</testsuite> <!-- CompatibilityTestingOnFirefox -->
