<?xml version="1.0" encoding="UTF-8"?>
<!-- Generated by org.testng.reporters.JUnitXMLReporter -->
<testsuite ignored="0" hostname="ITA-004" failures="1" tests="2" name="AccessibilityTestingOnChrome" time="90.719" errors="0" timestamp="2023-09-27T15:30:03 IST">
  <testcase classname="com.ally.TestCases.ElliciumAllyTesting" name="elliciumAllyPageTest" time="77.775">
    <failure type="org.openqa.selenium.ScriptTimeoutException" message="Timed out after 30000 ms
Build info: version: &amp;apos;4.5.0&amp;apos;, revision: &amp;apos;fe167b119a&amp;apos;
System info: os.name: &amp;apos;Windows 10&amp;apos;, os.arch: &amp;apos;amd64&amp;apos;, os.version: &amp;apos;10.0&amp;apos;, java.version: &amp;apos;20.0.2&amp;apos;
Driver info: org.openqa.selenium.firefox.FirefoxDriver
Command: [6c0ca79e-c3d4-4933-ab33-8b68d90db06b, executeAsyncScript {script=var callback = arguments[arguments.length - 1];var context = document;var options = {};var result = { error: &amp;apos;&amp;apos;, results: null };axe.run(context, options, function (err, res) {  if (err) {    result.error = err.message;  } else {    result.results = res;  }  callback(result);});, args=[]}]
Capabilities {acceptInsecureCerts: true, browserName: firefox, browserVersion: 117.0, moz:accessibilityChecks: false, moz:buildID: 20230824132758, moz:debuggerAddress: 127.0.0.1:58098, moz:geckodriverVersion: 0.33.0, moz:headless: false, moz:platformVersion: 10.0, moz:processID: 16396, moz:profile: C:\Users\ANIKET~1\AppData\L..., moz:shutdownTimeout: 60000, moz:webdriverClick: true, moz:windowless: false, pageLoadStrategy: normal, platformName: WINDOWS, proxy: Proxy(), se:cdp: ws://127.0.0.1:58098/devtoo..., se:cdpVersion: 85.0, setWindowRect: true, strictFileInteractability: false, timeouts: {implicit: 0, pageLoad: 300000, script: 30000}, unhandledPromptBehavior: dismiss and notify}
Session ID: 6c0ca79e-c3d4-4933-ab33-8b68d90db06b">
      <![CDATA[org.openqa.selenium.ScriptTimeoutException: Timed out after 30000 ms
Build info: version: '4.5.0', revision: 'fe167b119a'
System info: os.name: 'Windows 10', os.arch: 'amd64', os.version: '10.0', java.version: '20.0.2'
Driver info: org.openqa.selenium.firefox.FirefoxDriver
Command: [6c0ca79e-c3d4-4933-ab33-8b68d90db06b, executeAsyncScript {script=var callback = arguments[arguments.length - 1];var context = document;var options = {};var result = { error: '', results: null };axe.run(context, options, function (err, res) {  if (err) {    result.error = err.message;  } else {    result.results = res;  }  callback(result);});, args=[]}]
Capabilities {acceptInsecureCerts: true, browserName: firefox, browserVersion: 117.0, moz:accessibilityChecks: false, moz:buildID: 20230824132758, moz:debuggerAddress: 127.0.0.1:58098, moz:geckodriverVersion: 0.33.0, moz:headless: false, moz:platformVersion: 10.0, moz:processID: 16396, moz:profile: C:\Users\ANIKET~1\AppData\L..., moz:shutdownTimeout: 60000, moz:webdriverClick: true, moz:windowless: false, pageLoadStrategy: normal, platformName: WINDOWS, proxy: Proxy(), se:cdp: ws://127.0.0.1:58098/devtoo..., se:cdpVersion: 85.0, setWindowRect: true, strictFileInteractability: false, timeouts: {implicit: 0, pageLoad: 300000, script: 30000}, unhandledPromptBehavior: dismiss and notify}
Session ID: 6c0ca79e-c3d4-4933-ab33-8b68d90db06b
at org.openqa.selenium.remote.codec.w3c.W3CHttpResponseCodec.createException(W3CHttpResponseCodec.java:200)
at org.openqa.selenium.remote.codec.w3c.W3CHttpResponseCodec.decode(W3CHttpResponseCodec.java:133)
at org.openqa.selenium.remote.codec.w3c.W3CHttpResponseCodec.decode(W3CHttpResponseCodec.java:53)
at org.openqa.selenium.remote.HttpCommandExecutor.execute(HttpCommandExecutor.java:184)
at org.openqa.selenium.remote.service.DriverCommandExecutor.invokeExecute(DriverCommandExecutor.java:167)
at org.openqa.selenium.remote.service.DriverCommandExecutor.execute(DriverCommandExecutor.java:142)
at org.openqa.selenium.remote.RemoteWebDriver.execute(RemoteWebDriver.java:547)
at org.openqa.selenium.remote.RemoteWebDriver.executeAsyncScript(RemoteWebDriver.java:497)
at com.deque.axe.AXE$Builder.execute(AXE.java:372)
at com.deque.axe.AXE$Builder.analyze(AXE.java:335)
at com.ally.TestCases.ElliciumAllyTesting.elliciumAllyPageTest(ElliciumAllyTesting.java:43)
at java.base/java.util.ArrayList.forEach(ArrayList.java:1511)
... Removed 32 stack frames]]>
    </failure>
  </testcase> <!-- elliciumAllyPageTest -->
  <testcase classname="com.ally.TestCases.ElliciumAllyTesting" name="elliciumTitleCheck" time="4.223"/>
</testsuite> <!-- AccessibilityTestingOnChrome -->
