<?xml version="1.0" encoding="UTF-8"?>
<testng-results ignored="0" total="2" passed="1" failed="1" skipped="0">
  <reporter-output>
  </reporter-output>
  <suite started-at="2023-10-13T10:52:50 IST" name="Suite" finished-at="2023-10-13T10:53:45 IST" duration-ms="54762">
    <groups>
    </groups>
    <test started-at="2023-10-13T10:52:50 IST" name="AccessibilityTestingOnChrome" finished-at="2023-10-13T10:53:45 IST" duration-ms="54762">
      <class name="com.ally.TestCases.ElliciumAllyTesting">
        <test-method is-config="true" signature="setUp(java.lang.String)[pri:0, instance:com.ally.TestCases.ElliciumAllyTesting@5ddeb7cb]" started-at="2023-10-13T10:52:50 IST" name="setUp" finished-at="2023-10-13T10:52:55 IST" duration-ms="4650" status="PASS">
          <params>
            <param index="0">
              <value>
                <![CDATA[firefox]]>
              </value>
            </param>
          </params>
          <reporter-output>
          </reporter-output>
        </test-method> <!-- setUp -->
        <test-method signature="elliciumAllyPageTest()[pri:0, instance:com.ally.TestCases.ElliciumAllyTesting@5ddeb7cb]" started-at="2023-10-13T10:52:55 IST" name="elliciumAllyPageTest" finished-at="2023-10-13T10:53:37 IST" duration-ms="42225" status="FAIL">
          <exception class="org.openqa.selenium.ScriptTimeoutException">
            <message>
              <![CDATA[Timed out after 30000 ms
Build info: version: '4.5.0', revision: 'fe167b119a'
System info: os.name: 'Windows 10', os.arch: 'amd64', os.version: '10.0', java.version: '20.0.2'
Driver info: org.openqa.selenium.firefox.FirefoxDriver
Command: [356fb61b-4910-45e3-9ec6-a75910c604bc, executeAsyncScript {script=var callback = arguments[arguments.length - 1];var context = document;var options = {};var result = { error: '', results: null };axe.run(context, options, function (err, res) {  if (err) {    result.error = err.message;  } else {    result.results = res;  }  callback(result);});, args=[]}]
Capabilities {acceptInsecureCerts: true, browserName: firefox, browserVersion: 118.0.2, moz:accessibilityChecks: false, moz:buildID: 20231009140911, moz:debuggerAddress: 127.0.0.1:61048, moz:geckodriverVersion: 0.33.0, moz:headless: false, moz:platformVersion: 10.0, moz:processID: 10944, moz:profile: C:\Users\ANIKET~1\AppData\L..., moz:shutdownTimeout: 60000, moz:webdriverClick: true, moz:windowless: false, pageLoadStrategy: normal, platformName: WINDOWS, proxy: Proxy(), se:cdp: ws://127.0.0.1:61048/devtoo..., se:cdpVersion: 85.0, setWindowRect: true, strictFileInteractability: false, timeouts: {implicit: 0, pageLoad: 300000, script: 30000}, unhandledPromptBehavior: dismiss and notify}
Session ID: 356fb61b-4910-45e3-9ec6-a75910c604bc]]>
            </message>
            <full-stacktrace>
              <![CDATA[org.openqa.selenium.ScriptTimeoutException: Timed out after 30000 ms
Build info: version: '4.5.0', revision: 'fe167b119a'
System info: os.name: 'Windows 10', os.arch: 'amd64', os.version: '10.0', java.version: '20.0.2'
Driver info: org.openqa.selenium.firefox.FirefoxDriver
Command: [356fb61b-4910-45e3-9ec6-a75910c604bc, executeAsyncScript {script=var callback = arguments[arguments.length - 1];var context = document;var options = {};var result = { error: '', results: null };axe.run(context, options, function (err, res) {  if (err) {    result.error = err.message;  } else {    result.results = res;  }  callback(result);});, args=[]}]
Capabilities {acceptInsecureCerts: true, browserName: firefox, browserVersion: 118.0.2, moz:accessibilityChecks: false, moz:buildID: 20231009140911, moz:debuggerAddress: 127.0.0.1:61048, moz:geckodriverVersion: 0.33.0, moz:headless: false, moz:platformVersion: 10.0, moz:processID: 10944, moz:profile: C:\Users\ANIKET~1\AppData\L..., moz:shutdownTimeout: 60000, moz:webdriverClick: true, moz:windowless: false, pageLoadStrategy: normal, platformName: WINDOWS, proxy: Proxy(), se:cdp: ws://127.0.0.1:61048/devtoo..., se:cdpVersion: 85.0, setWindowRect: true, strictFileInteractability: false, timeouts: {implicit: 0, pageLoad: 300000, script: 30000}, unhandledPromptBehavior: dismiss and notify}
Session ID: 356fb61b-4910-45e3-9ec6-a75910c604bc
at java.base/jdk.internal.reflect.DirectConstructorHandleAccessor.newInstance(DirectConstructorHandleAccessor.java:67)
at java.base/java.lang.reflect.Constructor.newInstanceWithCaller(Constructor.java:500)
at java.base/java.lang.reflect.Constructor.newInstance(Constructor.java:484)
at org.openqa.selenium.remote.codec.w3c.W3CHttpResponseCodec.createException(W3CHttpResponseCodec.java:200)
at org.openqa.selenium.remote.codec.w3c.W3CHttpResponseCodec.decode(W3CHttpResponseCodec.java:133)
at org.openqa.selenium.remote.codec.w3c.W3CHttpResponseCodec.decode(W3CHttpResponseCodec.java:53)
at org.openqa.selenium.remote.HttpCommandExecutor.execute(HttpCommandExecutor.java:184)
at org.openqa.selenium.remote.service.DriverCommandExecutor.invokeExecute(DriverCommandExecutor.java:167)
at org.openqa.selenium.remote.service.DriverCommandExecutor.execute(DriverCommandExecutor.java:142)
at org.openqa.selenium.remote.RemoteWebDriver.execute(RemoteWebDriver.java:547)
at org.openqa.selenium.remote.RemoteWebDriver.executeAsyncScript(RemoteWebDriver.java:497)
at com.deque.axe.AXE$Builder.execute(AXE.java:372)
at com.deque.axe.AXE$Builder.analyze(AXE.java:335)
at com.ally.TestCases.ElliciumAllyTesting.elliciumAllyPageTest(ElliciumAllyTesting.java:44)
at java.base/jdk.internal.reflect.DirectMethodHandleAccessor.invoke(DirectMethodHandleAccessor.java:104)
at java.base/java.lang.reflect.Method.invoke(Method.java:578)
at org.testng.internal.invokers.MethodInvocationHelper.invokeMethod(MethodInvocationHelper.java:139)
at org.testng.internal.invokers.TestInvoker.invokeMethod(TestInvoker.java:677)
at org.testng.internal.invokers.TestInvoker.invokeTestMethod(TestInvoker.java:221)
at org.testng.internal.invokers.MethodRunner.runInSequence(MethodRunner.java:50)
at org.testng.internal.invokers.TestInvoker$MethodInvocationAgent.invoke(TestInvoker.java:962)
at org.testng.internal.invokers.TestInvoker.invokeTestMethods(TestInvoker.java:194)
at org.testng.internal.invokers.TestMethodWorker.invokeTestMethods(TestMethodWorker.java:148)
at org.testng.internal.invokers.TestMethodWorker.run(TestMethodWorker.java:128)
at java.base/java.util.ArrayList.forEach(ArrayList.java:1511)
at org.testng.TestRunner.privateRun(TestRunner.java:806)
at org.testng.TestRunner.run(TestRunner.java:601)
at org.testng.SuiteRunner.runTest(SuiteRunner.java:433)
at org.testng.SuiteRunner.runSequentially(SuiteRunner.java:427)
at org.testng.SuiteRunner.privateRun(SuiteRunner.java:387)
at org.testng.SuiteRunner.run(SuiteRunner.java:330)
at org.testng.SuiteRunnerWorker.runSuite(SuiteRunnerWorker.java:52)
at org.testng.SuiteRunnerWorker.run(SuiteRunnerWorker.java:95)
at org.testng.TestNG.runSuitesSequentially(TestNG.java:1256)
at org.testng.TestNG.runSuitesLocally(TestNG.java:1176)
at org.testng.TestNG.runSuites(TestNG.java:1099)
at org.testng.TestNG.run(TestNG.java:1067)
at org.apache.maven.surefire.testng.TestNGExecutor.run(TestNGExecutor.java:283)
at org.apache.maven.surefire.testng.TestNGXmlTestSuite.execute(TestNGXmlTestSuite.java:75)
at org.apache.maven.surefire.testng.TestNGProvider.invoke(TestNGProvider.java:120)
at org.apache.maven.surefire.booter.ForkedBooter.invokeProviderInSameClassLoader(ForkedBooter.java:384)
at org.apache.maven.surefire.booter.ForkedBooter.runSuitesInProcess(ForkedBooter.java:345)
at org.apache.maven.surefire.booter.ForkedBooter.execute(ForkedBooter.java:126)
at org.apache.maven.surefire.booter.ForkedBooter.main(ForkedBooter.java:418)
]]>
            </full-stacktrace>
          </exception> <!-- org.openqa.selenium.ScriptTimeoutException -->
          <reporter-output>
          </reporter-output>
        </test-method> <!-- elliciumAllyPageTest -->
        <test-method signature="elliciumTitleCheck()[pri:0, instance:com.ally.TestCases.ElliciumAllyTesting@5ddeb7cb]" started-at="2023-10-13T10:53:37 IST" name="elliciumTitleCheck" finished-at="2023-10-13T10:53:41 IST" duration-ms="4009" status="PASS">
          <reporter-output>
          </reporter-output>
        </test-method> <!-- elliciumTitleCheck -->
        <test-method is-config="true" signature="tearDown()[pri:0, instance:com.ally.TestCases.ElliciumAllyTesting@5ddeb7cb]" started-at="2023-10-13T10:53:41 IST" name="tearDown" finished-at="2023-10-13T10:53:45 IST" duration-ms="3703" status="PASS">
          <reporter-output>
          </reporter-output>
        </test-method> <!-- tearDown -->
      </class> <!-- com.ally.TestCases.ElliciumAllyTesting -->
    </test> <!-- AccessibilityTestingOnChrome -->
  </suite> <!-- Suite -->
</testng-results>
