<?xml version="1.0" encoding="UTF-8"?>
<testsuite xmlns:xsi="http://www.w3.org/2001/XMLSchema-instance" xsi:noNamespaceSchemaLocation="https://maven.apache.org/surefire/maven-surefire-plugin/xsd/surefire-test-report.xsd" name="TestSuite" time="91.836" tests="2" errors="0" skipped="0" failures="1">
  <properties>
[...]
</properties>
  <testcase name="elliciumAllyPageTest" classname="com.ally.TestCases.ElliciumAllyTesting" time="77.813">
    <failure message="Timed out after 30000 ms&#10;Build info: version: &apos;4.5.0&apos;, revision: &apos;fe167b119a&apos;&#10;System info: os.name: &apos;Windows 10&apos;, os.arch: &apos;amd64&apos;, os.version: &apos;10.0&apos;, java.version: &apos;20.0.2&apos;&#10;Driver info: org.openqa.selenium.firefox.FirefoxDriver&#10;Command: [6c0ca79e-c3d4-4933-ab33-8b68d90db06b, executeAsyncScript {script=var callback = arguments[arguments.length - 1];var context = document;var options = {};var result = { error: &apos;&apos;, results: null };axe.run(context, options, function (err, res) {  if (err) {    result.error = err.message;  } else {    result.results = res;  }  callback(result);});, args=[]}]&#10;Capabilities {acceptInsecureCerts: true, browserName: firefox, browserVersion: 117.0, moz:accessibilityChecks: false, moz:buildID: 20230824132758, moz:debuggerAddress: 127.0.0.1:58098, moz:geckodriverVersion: 0.33.0, moz:headless: false, moz:platformVersion: 10.0, moz:processID: 16396, moz:profile: C:\Users\ANIKET~1\AppData\L..., moz:shutdownTimeout: 60000, moz:webdriverClick: true, moz:windowless: false, pageLoadStrategy: normal, platformName: WINDOWS, proxy: Proxy(), se:cdp: ws://127.0.0.1:58098/devtoo..., se:cdpVersion: 85.0, setWindowRect: true, strictFileInteractability: false, timeouts: {implicit: 0, pageLoad: 300000, script: 30000}, unhandledPromptBehavior: dismiss and notify}&#10;Session ID: 6c0ca79e-c3d4-4933-ab33-8b68d90db06b" type="org.openqa.selenium.ScriptTimeoutException">org.openqa.selenium.ScriptTimeoutException: 
Timed out after 30000 ms
Build info: version: '4.5.0', revision: 'fe167b119a'
System info: os.name: 'Windows 10', os.arch: 'amd64', os.version: '10.0', java.version: '20.0.2'
Driver info: org.openqa.selenium.firefox.FirefoxDriver
Command: [6c0ca79e-c3d4-4933-ab33-8b68d90db06b, executeAsyncScript {script=var callback = arguments[arguments.length - 1];var context = document;var options = {};var result = { error: '', results: null };axe.run(context, options, function (err, res) {  if (err) {    result.error = err.message;  } else {    result.results = res;  }  callback(result);});, args=[]}]
Capabilities {acceptInsecureCerts: true, browserName: firefox, browserVersion: 117.0, moz:accessibilityChecks: false, moz:buildID: 20230824132758, moz:debuggerAddress: 127.0.0.1:58098, moz:geckodriverVersion: 0.33.0, moz:headless: false, moz:platformVersion: 10.0, moz:processID: 16396, moz:profile: C:\Users\ANIKET~1\AppData\L..., moz:shutdownTimeout: 60000, moz:webdriverClick: true, moz:windowless: false, pageLoadStrategy: normal, platformName: WINDOWS, proxy: Proxy(), se:cdp: ws://127.0.0.1:58098/devtoo..., se:cdpVersion: 85.0, setWindowRect: true, strictFileInteractability: false, timeouts: {implicit: 0, pageLoad: 300000, script: 30000}, unhandledPromptBehavior: dismiss and notify}
Session ID: 6c0ca79e-c3d4-4933-ab33-8b68d90db06b
	at com.ally.TestCases.ElliciumAllyTesting.elliciumAllyPageTest(ElliciumAllyTesting.java:43)
</failure>
    <system-err><![CDATA[SLF4J: Failed to load class "org.slf4j.impl.StaticLoggerBinder".
SLF4J: Defaulting to no-operation (NOP) logger implementation
SLF4J: See http://www.slf4j.org/codes.html#StaticLoggerBinder for further details.
ERROR StatusLogger Log4j2 could not find a logging implementation. Please add log4j-core to the classpath. Using SimpleLogger to log to the console...
1695808713641	geckodriver	INFO	Listening on 127.0.0.1:51258
1695808713985	mozrunner::runner	INFO	Running command: "C:\\Program Files\\Mozilla Firefox\\firefox.exe" "--marionette" "--remote-debugging-port" "58098" "--remote ... alhost:58098/,http://[::1]:58098/" "-no-remote" "-profile" "C:\\Users\\ANIKET~1\\AppData\\Local\\Temp\\rust_mozprofile5UxKvk"
console.warn: services.settings: Ignoring preference override of remote settings server
console.warn: services.settings: Allow by setting MOZ_REMOTE_SETTINGS_DEVTOOLS=1 in the environment
1695808714359	Marionette	INFO	Marionette enabled
Dynamically enable window occlusion 0
1695808714502	Marionette	INFO	Listening on port 53598
WebDriver BiDi listening on ws://127.0.0.1:58098
Read port: 53598
1695808714883	RemoteAgent	WARN	TLS certificate errors will be ignored for this session
DevTools listening on ws://127.0.0.1:58098/devtools/browser/9a725277-ad7e-4674-bf4d-3557b85f7aaa
Sept 27, 2023 3:28:37 PM org.openqa.selenium.remote.ProtocolHandshake createSession
INFO: Detected upstream dialect: W3C
JavaScript error: https://ellicium.com/wp-content/plugins/fancy-elements-for-avada/inc/assets/js/owl.carousel.min.js?ver=6.3, line 1: TypeError: a is undefined
JavaScript error: https://ellicium.com/wp-content/plugins/fancy-elements-for-avada/inc/assets/js/testimonial.js?ver=1.0, line 1: TypeError: jQuery(...).owlCarousel is not a function
JavaScript error: https://ellicium.com/wp-includes/js/jquery/jquery.min.js?ver=3.7.0, line 2: TypeError: e.indexOf is not a function
JavaScript error: , line 0: uncaught exception: Timeout (o)
]]></system-err>
  </testcase>
  <testcase name="elliciumTitleCheck" classname="com.ally.TestCases.ElliciumAllyTesting" time="4.226"/>
</testsuite>